<?xml version="1.0" encoding="UTF-8"?>
<!-- Generated by org.testng.reporters.JUnitReportReporter -->
<testsuite hostname="MLLAB01" failures="0" tests="5" name="com.lbrce.lab.UserValidationTest" time="0.011" errors="0" timestamp="2023-11-07T11:10:04 IST" skipped="0">
  <testcase classname="com.lbrce.lab.UserValidationTest" name="testCase3" time="0.000"/>
  <testcase classname="com.lbrce.lab.UserValidationTest" name="testCase2" time="0.000"/>
  <testcase classname="com.lbrce.lab.UserValidationTest" name="testCase5" time="0.000"/>
  <testcase classname="com.lbrce.lab.UserValidationTest" name="testCase1" time="0.010"/>
  <testcase classname="com.lbrce.lab.UserValidationTest" name="testCase4" time="0.001"/>
</testsuite> <!-- com.lbrce.lab.UserValidationTest -->
